<?xml version="1.0" encoding="UTF-8"?>
<!-- Generated by org.testng.reporters.JUnitXMLReporter -->
<testsuite ignored="0" hostname="DESKTOP-UMJVHA9" failures="0" tests="5" name="Default test" time="6.826" errors="0" timestamp="2026-03-11T19:11:24 IST">
  <testcase classname="restassuredTests.BasicValidations_JSON" name="testStatusCode" time="2.57"/>
  <testcase classname="restassuredTests.BasicValidations_JSON" name="testLogging" time="0.558"/>
  <testcase classname="restassuredTests.BasicValidations_JSON" name="testSingleContent" time="0.788"/>
  <testcase classname="restassuredTests.BasicValidations_JSON" name="testMultipleContents" time="0.919"/>
  <testcase classname="restassuredTests.BasicValidations_JSON" name="testParamsAndHeaders" time="1.924"/>
</testsuite> <!-- Default test -->
