<?xml version="1.0" encoding="UTF-8"?>
<!-- Generated by org.testng.reporters.JUnitReportReporter -->
<testsuite hostname="DESKTOP-UMJVHA9" failures="0" tests="5" name="restassuredTests.BasicValidations_JSON" time="6.759" errors="0" timestamp="2026-03-11T19:11:24 IST" skipped="0">
  <testcase classname="restassuredTests.BasicValidations_JSON" name="testStatusCode" time="2.570"/>
  <testcase classname="restassuredTests.BasicValidations_JSON" name="testLogging" time="0.558"/>
  <testcase classname="restassuredTests.BasicValidations_JSON" name="testSingleContent" time="0.788"/>
  <testcase classname="restassuredTests.BasicValidations_JSON" name="testMultipleContents" time="0.919"/>
  <testcase classname="restassuredTests.BasicValidations_JSON" name="testParamsAndHeaders" time="1.924"/>
</testsuite> <!-- restassuredTests.BasicValidations_JSON -->
